<?xml version="1.0" encoding="UTF-8"?>
<!-- Generated by org.testng.reporters.JUnitXMLReporter -->
<testsuite hostname="DESKTOP-V310COA" ignored="0" name="sanity" tests="9" failures="0" timestamp="2020-04-08T16:13:44 IST" time="0.584" errors="0">
  <testcase name="TwitterAccount" time="0.043" classname="BatchTestingSdet.Account"/>
  <testcase name="WhatAppAccount" time="0.009" classname="BatchTestingSdet.Account"/>
  <testcase name="fbAccount" time="0.009" classname="BatchTestingSdet.Account"/>
  <testcase name="intstaAccount" time="0.012" classname="BatchTestingSdet.Account"/>
  <testcase name="AxisBank" time="0.019" classname="BatchTestingSdet.banks"/>
  <testcase name="Bank" time="0.016" classname="BatchTestingSdet.banks"/>
  <testcase name="ICICBank" time="0.006" classname="BatchTestingSdet.banks"/>
  <testcase name="MaharastraBank" time="0.008" classname="BatchTestingSdet.banks"/>
  <testcase name="SBIBank" time="0.012" classname="BatchTestingSdet.banks"/>
</testsuite> <!-- sanity -->
