<?xml version="1.0" encoding="UTF-8"?>
<!-- Generated by org.testng.reporters.JUnitXMLReporter -->
<testsuite hostname="DESKTOP-V310COA" ignored="0" name="Test" tests="6" failures="0" timestamp="2020-04-08T16:27:24 IST" time="0.532" errors="0">
  <testcase name="emailid" time="0.065" classname="BatchTestingSdet.NewTest"/>
  <testcase name="fbid" time="0.008" classname="BatchTestingSdet.NewTest"/>
  <testcase name="CloseBrowser" time="0.022" classname="BatchTestingSdet.Test1"/>
  <testcase name="OpenLink" time="0.009" classname="BatchTestingSdet.Test1"/>
  <testcase name="openBrowser" time="0.022" classname="BatchTestingSdet.Test1"/>
  <testcase name="openurl" time="0.029" classname="BatchTestingSdet.Test1"/>
</testsuite> <!-- Test -->
